c:\cygwin64\home\kevlar\multiplayer_laser_battle\src\debug\vc142.pdb
c:\cygwin64\home\kevlar\multiplayer_laser_battle\src\debug\vc142.idb
c:\cygwin64\home\kevlar\multiplayer_laser_battle\src\debug\windows_tcp_client.obj
c:\cygwin64\home\kevlar\multiplayer_laser_battle\src\debug\log.obj
c:\cygwin64\home\kevlar\multiplayer_laser_battle\src\debug\glad.obj
c:\cygwin64\home\kevlar\multiplayer_laser_battle\src\debug\compat.obj
c:\cygwin64\home\kevlar\multiplayer_laser_battle\src\debug\packet.obj
c:\cygwin64\home\kevlar\multiplayer_laser_battle\src\debug\windowmanager.obj
c:\cygwin64\home\kevlar\multiplayer_laser_battle\src\debug\simple_ll_netlib_client.obj
c:\cygwin64\home\kevlar\multiplayer_laser_battle\src\debug\shape.obj
c:\cygwin64\home\kevlar\multiplayer_laser_battle\src\debug\program.obj
c:\cygwin64\home\kevlar\multiplayer_laser_battle\src\debug\planesnetworked.obj
c:\cygwin64\home\kevlar\multiplayer_laser_battle\src\debug\message.obj
c:\cygwin64\home\kevlar\multiplayer_laser_battle\src\debug\main.obj
c:\cygwin64\home\kevlar\multiplayer_laser_battle\src\debug\lasermanager.obj
c:\cygwin64\home\kevlar\multiplayer_laser_battle\src\debug\handle.obj
c:\cygwin64\home\kevlar\multiplayer_laser_battle\src\debug\glsl.obj
c:\cygwin64\home\kevlar\multiplayer_laser_battle\src\debug\animtexturebillboard.obj
c:\cygwin64\home\kevlar\multiplayer_laser_battle\src\debug\fromserver_client.obj
c:\cygwin64\home\kevlar\multiplayer_laser_battle\src\debug\fdselect.obj
c:\cygwin64\home\kevlar\multiplayer_laser_battle\src\debug\progterrain.ilk
c:\cygwin64\home\kevlar\multiplayer_laser_battle\debug\progterrain.exe
c:\cygwin64\home\kevlar\multiplayer_laser_battle\debug\progterrain.pdb
c:\cygwin64\home\kevlar\multiplayer_laser_battle\src\debug\progterrain.tlog\cl.command.1.tlog
c:\cygwin64\home\kevlar\multiplayer_laser_battle\src\debug\progterrain.tlog\cl.read.1.tlog
c:\cygwin64\home\kevlar\multiplayer_laser_battle\src\debug\progterrain.tlog\cl.write.1.tlog
c:\cygwin64\home\kevlar\multiplayer_laser_battle\src\debug\progterrain.tlog\link.command.1.tlog
c:\cygwin64\home\kevlar\multiplayer_laser_battle\src\debug\progterrain.tlog\link.read.1.tlog
c:\cygwin64\home\kevlar\multiplayer_laser_battle\src\debug\progterrain.tlog\link.write.1.tlog
